<?xml version="1.0" encoding="UTF-8"?>
<testsuite xmlns:xsi="http://www.w3.org/2001/XMLSchema-instance" xsi:noNamespaceSchemaLocation="https://maven.apache.org/surefire/maven-surefire-plugin/xsd/surefire-test-report-3.0.xsd" version="3.0" name="GoogleCloudStorageApiTest" time="4.275" tests="7" errors="2" skipped="0" failures="0">
  <properties>
[...]
</properties>
  <testcase name="rename" classname="GoogleCloudStorageApiTest" time="1.822"/>
  <testcase name="upload" classname="GoogleCloudStorageApiTest" time="0.254"/>
  <testcase name="generateV4GetObjectSignedUrl" classname="GoogleCloudStorageApiTest" time="0.01"/>
  <testcase name="copy" classname="GoogleCloudStorageApiTest" time="0"/>
  <testcase name="move" classname="GoogleCloudStorageApiTest" time="0.669"/>
  <testcase name="createBucket" classname="GoogleCloudStorageApiTest" time="1.381">
    <error type="com.google.cloud.storage.StorageException"><![CDATA[com.google.cloud.storage.StorageException: You already own this bucket. Please select another name.
	at GoogleCloudStorageApiTest.createBucket(GoogleCloudStorageApiTest.java:97)
Caused by: com.google.api.client.googleapis.json.GoogleJsonResponseException: 
409 Conflict
POST https://storage.googleapis.com/storage/v1/b?project=jvproject-289212&projection=full
{
  "code" : 409,
  "errors" : [ {
    "domain" : "global",
    "message" : "You already own this bucket. Please select another name.",
    "reason" : "conflict"
  } ],
  "message" : "You already own this bucket. Please select another name."
}
	at GoogleCloudStorageApiTest.createBucket(GoogleCloudStorageApiTest.java:97)
]]></error>
  </testcase>
  <testcase name="download" classname="GoogleCloudStorageApiTest" time="0.119">
    <error type="java.lang.NullPointerException"><![CDATA[java.lang.NullPointerException
	at GoogleCloudStorageApiTest.download(GoogleCloudStorageApiTest.java:50)
]]></error>
  </testcase>
</testsuite>